Determining if the pthread_create exist failed with the following output:
Change Dir: /mnt/c/Users/arsen/git/efrei-l3-se-tp3-mutex/cmake-build-debug/CMakeFiles/CMakeTmp

Run Build Command:"/usr/bin/make" "cmTC_9758f/fast"
/usr/bin/make -f CMakeFiles/cmTC_9758f.dir/build.make CMakeFiles/cmTC_9758f.dir/build
make[1]: Entering directory '/mnt/c/Users/arsen/git/efrei-l3-se-tp3-mutex/cmake-build-debug/CMakeFiles/CMakeTmp'
Building C object CMakeFiles/cmTC_9758f.dir/CheckSymbolExists.c.o
/usr/bin/cc   -std=gnu11 -o CMakeFiles/cmTC_9758f.dir/CheckSymbolExists.c.o   -c /mnt/c/Users/arsen/git/efrei-l3-se-tp3-mutex/cmake-build-debug/CMakeFiles/CMakeTmp/CheckSymbolExists.c
Linking C executable cmTC_9758f
/usr/bin/cmake -E cmake_link_script CMakeFiles/cmTC_9758f.dir/link.txt --verbose=1
/usr/bin/cc      CMakeFiles/cmTC_9758f.dir/CheckSymbolExists.c.o  -o cmTC_9758f 
CMakeFiles/cmTC_9758f.dir/CheckSymbolExists.c.o: In function `main':
CheckSymbolExists.c:(.text+0x1b): undefined reference to `pthread_create'
collect2: error: ld returned 1 exit status
CMakeFiles/cmTC_9758f.dir/build.make:97: recipe for target 'cmTC_9758f' failed
make[1]: *** [cmTC_9758f] Error 1
make[1]: Leaving directory '/mnt/c/Users/arsen/git/efrei-l3-se-tp3-mutex/cmake-build-debug/CMakeFiles/CMakeTmp'
Makefile:126: recipe for target 'cmTC_9758f/fast' failed
make: *** [cmTC_9758f/fast] Error 2

File /mnt/c/Users/arsen/git/efrei-l3-se-tp3-mutex/cmake-build-debug/CMakeFiles/CMakeTmp/CheckSymbolExists.c:
/* */
#include <pthread.h>

int main(int argc, char** argv)
{
  (void)argv;
#ifndef pthread_create
  return ((int*)(&pthread_create))[argc];
#else
  (void)argc;
  return 0;
#endif
}

